********************************************************************************
DUPLICATOR-LITE PACKAGE-LOG: 20 January 2021 16 h 39 min
NOTICE: Do NOT post to public sites or forums 
********************************************************************************
VERSION:	1.3.32
WORDPRESS:	5.4.1
PHP INFO:	7.4.12 | SAPI: apache2handler
SERVER:		Apache/2.4.38 (Debian) 
PHP TIME LIMIT: (0) no time limit imposed 
PHP MAX MEMORY: 4294967296 (128M default) 
MEMORY STACK: 6MB

********************************************************************************
DATABASE:
********************************************************************************
BUILD MODE:   PHP(query limit - 100)
MYSQLTIMEOUT: 5000
MYSQLDUMP:    Not Supported
TABLES: total:32 | filtered:0 | create:32
FILTERED: []
SQL CREATED: 20200508_lenastrip_d9617b5100c9f6353668_20210120163854_database.sql
SQL FILE SIZE: 927.99KB (950266)
SQL FILE TIME: 2021-01-20 16:39:23
SQL RUNTIME: 0.29 sec.

********************************************************************************
ARCHIVE (ZIP):
********************************************************************************
ARCHIVE DIR:  /var/www/html
ARCHIVE FILE: 20200508_lenastrip_d9617b5100c9f6353668_20210120163854_archive.zip
FILTERS: *ON*
DIRS:
	/var/www/html/.git/objects/pack
	/var/www/html/wp-content/cache
	/var/www/html/wp-content/uploads
FILES:
	not set
EXTS:  not set
----------------------------------------
COMPRESSING
SIZE:	74.06MB
STATS:	Dirs 613 | Files 3,402
SQL ADDED: 20200508_lenastrip_d9617b5100c9f6353668_20210120163854_database.sql
ZipArchive Object
(
    [status] => 0
    [statusSys] => 0
    [numFiles] => 4015
    [filename] => /var/www/html/wp-snapshots/tmp/20200508_lenastrip_d9617b5100c9f6353668_20210120163854_archive.zip
    [comment] => 
)

FILE ADDED TO ZIP: 4014
COMPRESSION RESULT: '1'
COMPRESSED SIZE: 25.51MB
ARCHIVE RUNTIME: 30.71 sec.
MEMORY STACK: 8MB
building installer
add_extra_files1
add_extra_files2
add_extra_files3
add_extra_files4
Doing archive file check
add_extra_files5
add_extra_files6
add_extra_files8
Successfully opened zip /var/www/html/wp-snapshots/tmp/20200508_lenastrip_d9617b5100c9f6353668_20210120163854_archive.zip
Adding enhanced installer files to archive using ZipArchive
Installer files added to archive
Added to archive
After ziparchive close when adding installer

********************************************************************************
INTEGRITY CHECKS:
********************************************************************************
SQL FILE: 927.99KB
INSTALLER FILE: 61.32KB
ARCHIVE FILE: 26.99MB 
COMPTE ATTENDU DE FICHIERS/RÉPERTOIRES : 4,015
COMPTE ACTUEL DE FICHIERS/RÉPERTOIRES : 4,014
TEST DE COHÉRENCE D’ARCHIVE : Bon

********************************************************************************
RECORD ID:[5]
TOTAL PROCESS RUNTIME: 38.94 sec.
PEAK PHP MEMORY USED: 8MB
DONE PROCESSING => 20200508_lenastrip 20 January 2021 16 h 40 min

